[2.935s] Invoking command in '/home/bara/ros2_ws/src/amr_webots_sim': DEBUGINFOD_URLS=https://debuginfod.ubuntu.com PYTHONPATH=/home/bara/ros2_ws/build/amr_webots_sim/prefix_override:/usr/lib/python3/dist-packages/colcon_core/task/python/colcon_distutils_commands:/home/bara/ros2_ws/install/amr_webots_sim/lib/python3.12/site-packages:${PYTHONPATH} /usr/bin/python3 -W ignore:setup.py install is deprecated -W ignore:easy_install command is deprecated setup.py egg_info --egg-base ../../build/amr_webots_sim build --build-base /home/bara/ros2_ws/build/amr_webots_sim/build install --record /home/bara/ros2_ws/build/amr_webots_sim/install.log --single-version-externally-managed install_data
[3.755s] running egg_info
[3.815s] writing ../../build/amr_webots_sim/amr_webots_sim.egg-info/PKG-INFO
[3.816s] writing dependency_links to ../../build/amr_webots_sim/amr_webots_sim.egg-info/dependency_links.txt
[3.819s] writing entry points to ../../build/amr_webots_sim/amr_webots_sim.egg-info/entry_points.txt
[3.822s] writing requirements to ../../build/amr_webots_sim/amr_webots_sim.egg-info/requires.txt
[3.824s] writing top-level names to ../../build/amr_webots_sim/amr_webots_sim.egg-info/top_level.txt
[3.889s] reading manifest file '../../build/amr_webots_sim/amr_webots_sim.egg-info/SOURCES.txt'
[3.922s] writing manifest file '../../build/amr_webots_sim/amr_webots_sim.egg-info/SOURCES.txt'
[3.922s] running build
[3.922s] running build_py
[3.922s] running install
[3.937s] running install_lib
[3.967s] running install_data
[3.969s] running install_egg_info
[3.994s] removing '/home/bara/ros2_ws/install/amr_webots_sim/lib/python3.12/site-packages/amr_webots_sim-0.1.0-py3.12.egg-info' (and everything under it)
[3.998s] Copying ../../build/amr_webots_sim/amr_webots_sim.egg-info to /home/bara/ros2_ws/install/amr_webots_sim/lib/python3.12/site-packages/amr_webots_sim-0.1.0-py3.12.egg-info
[4.007s] running install_scripts
[4.270s] Installing amr_controller script to /home/bara/ros2_ws/install/amr_webots_sim/lib/amr_webots_sim
[4.270s] Installing belt_controller script to /home/bara/ros2_ws/install/amr_webots_sim/lib/amr_webots_sim
[4.270s] Installing ned_controller script to /home/bara/ros2_ws/install/amr_webots_sim/lib/amr_webots_sim
[4.270s] writing list of installed files to '/home/bara/ros2_ws/build/amr_webots_sim/install.log'
[4.365s] Invoked command in '/home/bara/ros2_ws/src/amr_webots_sim' returned '0': DEBUGINFOD_URLS=https://debuginfod.ubuntu.com PYTHONPATH=/home/bara/ros2_ws/build/amr_webots_sim/prefix_override:/usr/lib/python3/dist-packages/colcon_core/task/python/colcon_distutils_commands:/home/bara/ros2_ws/install/amr_webots_sim/lib/python3.12/site-packages:${PYTHONPATH} /usr/bin/python3 -W ignore:setup.py install is deprecated -W ignore:easy_install command is deprecated setup.py egg_info --egg-base ../../build/amr_webots_sim build --build-base /home/bara/ros2_ws/build/amr_webots_sim/build install --record /home/bara/ros2_ws/build/amr_webots_sim/install.log --single-version-externally-managed install_data
