[1.458s] Invoking command in '/home/bara/ros2_ws/src/webots_ros2_universal_robot': DEBUGINFOD_URLS=https://debuginfod.ubuntu.com PYTHONPATH=/home/bara/ros2_ws/build/webots_ros2_universal_robot/prefix_override:/usr/lib/python3/dist-packages/colcon_core/task/python/colcon_distutils_commands:/home/bara/ros2_ws/install/webots_ros2_universal_robot/lib/python3.12/site-packages:${PYTHONPATH} /usr/bin/python3 -W ignore:setup.py install is deprecated -W ignore:easy_install command is deprecated setup.py egg_info --egg-base ../../build/webots_ros2_universal_robot build --build-base /home/bara/ros2_ws/build/webots_ros2_universal_robot/build install --record /home/bara/ros2_ws/build/webots_ros2_universal_robot/install.log --single-version-externally-managed install_data
[1.887s] running egg_info
[1.958s] writing ../../build/webots_ros2_universal_robot/webots_ros2_universal_robot.egg-info/PKG-INFO
[1.958s] writing dependency_links to ../../build/webots_ros2_universal_robot/webots_ros2_universal_robot.egg-info/dependency_links.txt
[1.960s] writing entry points to ../../build/webots_ros2_universal_robot/webots_ros2_universal_robot.egg-info/entry_points.txt
[1.960s] writing requirements to ../../build/webots_ros2_universal_robot/webots_ros2_universal_robot.egg-info/requires.txt
[1.960s] writing top-level names to ../../build/webots_ros2_universal_robot/webots_ros2_universal_robot.egg-info/top_level.txt
[2.026s] reading manifest file '../../build/webots_ros2_universal_robot/webots_ros2_universal_robot.egg-info/SOURCES.txt'
[2.028s] writing manifest file '../../build/webots_ros2_universal_robot/webots_ros2_universal_robot.egg-info/SOURCES.txt'
[2.029s] running build
[2.029s] running build_py
[2.029s] running install
[2.037s] running install_lib
[2.064s] running install_data
[2.066s] running install_egg_info
[2.092s] removing '/home/bara/ros2_ws/install/webots_ros2_universal_robot/lib/python3.12/site-packages/webots_ros2_universal_robot-2025.0.0-py3.12.egg-info' (and everything under it)
[2.093s] Copying ../../build/webots_ros2_universal_robot/webots_ros2_universal_robot.egg-info to /home/bara/ros2_ws/install/webots_ros2_universal_robot/lib/python3.12/site-packages/webots_ros2_universal_robot-2025.0.0-py3.12.egg-info
[2.096s] running install_scripts
[2.308s] Installing abb_controller script to /home/bara/ros2_ws/install/webots_ros2_universal_robot/lib/webots_ros2_universal_robot
[2.310s] Installing ur5e_controller script to /home/bara/ros2_ws/install/webots_ros2_universal_robot/lib/webots_ros2_universal_robot
[2.310s] writing list of installed files to '/home/bara/ros2_ws/build/webots_ros2_universal_robot/install.log'
[2.345s] Invoked command in '/home/bara/ros2_ws/src/webots_ros2_universal_robot' returned '0': DEBUGINFOD_URLS=https://debuginfod.ubuntu.com PYTHONPATH=/home/bara/ros2_ws/build/webots_ros2_universal_robot/prefix_override:/usr/lib/python3/dist-packages/colcon_core/task/python/colcon_distutils_commands:/home/bara/ros2_ws/install/webots_ros2_universal_robot/lib/python3.12/site-packages:${PYTHONPATH} /usr/bin/python3 -W ignore:setup.py install is deprecated -W ignore:easy_install command is deprecated setup.py egg_info --egg-base ../../build/webots_ros2_universal_robot build --build-base /home/bara/ros2_ws/build/webots_ros2_universal_robot/build install --record /home/bara/ros2_ws/build/webots_ros2_universal_robot/install.log --single-version-externally-managed install_data
