[2.476s] Invoking command in '/home/bara/ros2_ws/src/amr_webots_sim': DEBUGINFOD_URLS=https://debuginfod.ubuntu.com PYTHONPATH=/home/bara/ros2_ws/build/amr_webots_sim/prefix_override:/usr/lib/python3/dist-packages/colcon_core/task/python/colcon_distutils_commands:/home/bara/ros2_ws/install/amr_webots_sim/lib/python3.12/site-packages:${PYTHONPATH} /usr/bin/python3 -W ignore:setup.py install is deprecated -W ignore:easy_install command is deprecated setup.py egg_info --egg-base ../../build/amr_webots_sim build --build-base /home/bara/ros2_ws/build/amr_webots_sim/build install --record /home/bara/ros2_ws/build/amr_webots_sim/install.log --single-version-externally-managed install_data
[3.183s] running egg_info
[3.241s] writing ../../build/amr_webots_sim/amr_webots_sim.egg-info/PKG-INFO
[3.242s] writing dependency_links to ../../build/amr_webots_sim/amr_webots_sim.egg-info/dependency_links.txt
[3.243s] writing entry points to ../../build/amr_webots_sim/amr_webots_sim.egg-info/entry_points.txt
[3.245s] writing requirements to ../../build/amr_webots_sim/amr_webots_sim.egg-info/requires.txt
[3.245s] writing top-level names to ../../build/amr_webots_sim/amr_webots_sim.egg-info/top_level.txt
[3.356s] reading manifest file '../../build/amr_webots_sim/amr_webots_sim.egg-info/SOURCES.txt'
[3.356s] writing manifest file '../../build/amr_webots_sim/amr_webots_sim.egg-info/SOURCES.txt'
[3.356s] running build
[3.356s] running build_py
[3.357s] running install
[3.367s] running install_lib
[3.428s] running install_data
[3.431s] running install_egg_info
[3.467s] removing '/home/bara/ros2_ws/install/amr_webots_sim/lib/python3.12/site-packages/amr_webots_sim-0.1.0-py3.12.egg-info' (and everything under it)
[3.475s] Copying ../../build/amr_webots_sim/amr_webots_sim.egg-info to /home/bara/ros2_ws/install/amr_webots_sim/lib/python3.12/site-packages/amr_webots_sim-0.1.0-py3.12.egg-info
[3.476s] running install_scripts
[3.796s] Installing amr_api script to /home/bara/ros2_ws/install/amr_webots_sim/lib/amr_webots_sim
[3.799s] Installing amr_controller script to /home/bara/ros2_ws/install/amr_webots_sim/lib/amr_webots_sim
[3.803s] writing list of installed files to '/home/bara/ros2_ws/build/amr_webots_sim/install.log'
[4.230s] Invoked command in '/home/bara/ros2_ws/src/amr_webots_sim' returned '0': DEBUGINFOD_URLS=https://debuginfod.ubuntu.com PYTHONPATH=/home/bara/ros2_ws/build/amr_webots_sim/prefix_override:/usr/lib/python3/dist-packages/colcon_core/task/python/colcon_distutils_commands:/home/bara/ros2_ws/install/amr_webots_sim/lib/python3.12/site-packages:${PYTHONPATH} /usr/bin/python3 -W ignore:setup.py install is deprecated -W ignore:easy_install command is deprecated setup.py egg_info --egg-base ../../build/amr_webots_sim build --build-base /home/bara/ros2_ws/build/amr_webots_sim/build install --record /home/bara/ros2_ws/build/amr_webots_sim/install.log --single-version-externally-managed install_data
