[1.754s] Invoking command in '/home/bara/ros2_ws/build/amr_webots_sim': DEBUGINFOD_URLS=https://debuginfod.ubuntu.com PYTHONPATH=/home/bara/ros2_ws/build/amr_webots_sim/prefix_override:/usr/lib/python3/dist-packages/colcon_core/task/python/colcon_distutils_commands:/home/bara/ros2_ws/install/amr_webots_sim/lib/python3.12/site-packages:${PYTHONPATH} /usr/bin/python3 -W ignore:setup.py install is deprecated -W ignore:easy_install command is deprecated setup.py develop --uninstall --editable --build-directory /home/bara/ros2_ws/build/amr_webots_sim/build
[2.410s] running develop
[2.811s] Removing /home/bara/ros2_ws/install/amr_webots_sim/lib/python3.12/site-packages/amr-webots-sim.egg-link (link to .)
[2.860s] Invoked command in '/home/bara/ros2_ws/build/amr_webots_sim' returned '0': DEBUGINFOD_URLS=https://debuginfod.ubuntu.com PYTHONPATH=/home/bara/ros2_ws/build/amr_webots_sim/prefix_override:/usr/lib/python3/dist-packages/colcon_core/task/python/colcon_distutils_commands:/home/bara/ros2_ws/install/amr_webots_sim/lib/python3.12/site-packages:${PYTHONPATH} /usr/bin/python3 -W ignore:setup.py install is deprecated -W ignore:easy_install command is deprecated setup.py develop --uninstall --editable --build-directory /home/bara/ros2_ws/build/amr_webots_sim/build
[2.863s] Invoking command in '/home/bara/ros2_ws/src/amr_webots_sim': DEBUGINFOD_URLS=https://debuginfod.ubuntu.com PYTHONPATH=/home/bara/ros2_ws/build/amr_webots_sim/prefix_override:/usr/lib/python3/dist-packages/colcon_core/task/python/colcon_distutils_commands:/home/bara/ros2_ws/install/amr_webots_sim/lib/python3.12/site-packages:${PYTHONPATH} /usr/bin/python3 -W ignore:setup.py install is deprecated -W ignore:easy_install command is deprecated setup.py egg_info --egg-base ../../build/amr_webots_sim build --build-base /home/bara/ros2_ws/build/amr_webots_sim/build install --record /home/bara/ros2_ws/build/amr_webots_sim/install.log --single-version-externally-managed install_data --force
[3.327s] running egg_info
[3.361s] writing ../../build/amr_webots_sim/amr_webots_sim.egg-info/PKG-INFO
[3.361s] writing dependency_links to ../../build/amr_webots_sim/amr_webots_sim.egg-info/dependency_links.txt
[3.361s] writing entry points to ../../build/amr_webots_sim/amr_webots_sim.egg-info/entry_points.txt
[3.361s] writing requirements to ../../build/amr_webots_sim/amr_webots_sim.egg-info/requires.txt
[3.361s] writing top-level names to ../../build/amr_webots_sim/amr_webots_sim.egg-info/top_level.txt
[3.434s] reading manifest file '../../build/amr_webots_sim/amr_webots_sim.egg-info/SOURCES.txt'
[3.436s] writing manifest file '../../build/amr_webots_sim/amr_webots_sim.egg-info/SOURCES.txt'
[3.439s] running build
[3.439s] running build_py
[3.441s] running install
[3.448s] running install_lib
[3.486s] creating /home/bara/ros2_ws/install/amr_webots_sim/lib/python3.12/site-packages/amr_webots_sim
[3.487s] copying /home/bara/ros2_ws/build/amr_webots_sim/build/lib/amr_webots_sim/amr_controller.py -> /home/bara/ros2_ws/install/amr_webots_sim/lib/python3.12/site-packages/amr_webots_sim
[3.491s] copying /home/bara/ros2_ws/build/amr_webots_sim/build/lib/amr_webots_sim/__init__.py -> /home/bara/ros2_ws/install/amr_webots_sim/lib/python3.12/site-packages/amr_webots_sim
[3.492s] copying /home/bara/ros2_ws/build/amr_webots_sim/build/lib/amr_webots_sim/amr_api.py -> /home/bara/ros2_ws/install/amr_webots_sim/lib/python3.12/site-packages/amr_webots_sim
[3.494s] byte-compiling /home/bara/ros2_ws/install/amr_webots_sim/lib/python3.12/site-packages/amr_webots_sim/amr_controller.py to amr_controller.cpython-312.pyc
[3.500s] byte-compiling /home/bara/ros2_ws/install/amr_webots_sim/lib/python3.12/site-packages/amr_webots_sim/__init__.py to __init__.cpython-312.pyc
[3.500s] byte-compiling /home/bara/ros2_ws/install/amr_webots_sim/lib/python3.12/site-packages/amr_webots_sim/amr_api.py to amr_api.cpython-312.pyc
[3.507s] running install_data
[3.508s] copying package.xml -> /home/bara/ros2_ws/install/amr_webots_sim/share/ament_index/resource_index/packages
[3.509s] copying package.xml -> /home/bara/ros2_ws/install/amr_webots_sim/share/amr_webots_sim
[3.509s] copying README.md -> /home/bara/ros2_ws/install/amr_webots_sim/share/amr_webots_sim
[3.511s] copying worlds/amr_world.wbt -> /home/bara/ros2_ws/install/amr_webots_sim/share/amr_webots_sim/worlds
[3.511s] copying worlds/AMR.proto -> /home/bara/ros2_ws/install/amr_webots_sim/share/amr_webots_sim/worlds
[3.513s] copying resource/ros2_control.yaml -> /home/bara/ros2_ws/install/amr_webots_sim/share/amr_webots_sim/resource
[3.514s] copying resource/amr.rviz -> /home/bara/ros2_ws/install/amr_webots_sim/share/amr_webots_sim/resource
[3.515s] copying resource/amr_webots_sim -> /home/bara/ros2_ws/install/amr_webots_sim/share/amr_webots_sim/resource
[3.517s] copying resource/mecanum_drive_controller.yaml -> /home/bara/ros2_ws/install/amr_webots_sim/share/amr_webots_sim/resource
[3.518s] copying resource/amr_robot.urdf -> /home/bara/ros2_ws/install/amr_webots_sim/share/amr_webots_sim/resource
[3.520s] copying launch/amr_simulation.launch.py -> /home/bara/ros2_ws/install/amr_webots_sim/share/amr_webots_sim/launch
[3.520s] copying protos/AMR.proto -> /home/bara/ros2_ws/install/amr_webots_sim/share/amr_webots_sim/protos
[3.522s] copying amr_webots_sim/amr_controller.py -> /home/bara/ros2_ws/install/amr_webots_sim/share/amr_webots_sim/amr_webots_sim
[3.526s] copying amr_webots_sim/__init__.py -> /home/bara/ros2_ws/install/amr_webots_sim/share/amr_webots_sim/amr_webots_sim
[3.526s] copying amr_webots_sim/amr_api.py -> /home/bara/ros2_ws/install/amr_webots_sim/share/amr_webots_sim/amr_webots_sim
[3.526s] running install_egg_info
[3.551s] Copying ../../build/amr_webots_sim/amr_webots_sim.egg-info to /home/bara/ros2_ws/install/amr_webots_sim/lib/python3.12/site-packages/amr_webots_sim-0.1.0-py3.12.egg-info
[3.555s] running install_scripts
[3.852s] Installing amr_api script to /home/bara/ros2_ws/install/amr_webots_sim/lib/amr_webots_sim
[3.853s] Installing amr_controller script to /home/bara/ros2_ws/install/amr_webots_sim/lib/amr_webots_sim
[3.854s] writing list of installed files to '/home/bara/ros2_ws/build/amr_webots_sim/install.log'
[4.122s] Invoked command in '/home/bara/ros2_ws/src/amr_webots_sim' returned '0': DEBUGINFOD_URLS=https://debuginfod.ubuntu.com PYTHONPATH=/home/bara/ros2_ws/build/amr_webots_sim/prefix_override:/usr/lib/python3/dist-packages/colcon_core/task/python/colcon_distutils_commands:/home/bara/ros2_ws/install/amr_webots_sim/lib/python3.12/site-packages:${PYTHONPATH} /usr/bin/python3 -W ignore:setup.py install is deprecated -W ignore:easy_install command is deprecated setup.py egg_info --egg-base ../../build/amr_webots_sim build --build-base /home/bara/ros2_ws/build/amr_webots_sim/build install --record /home/bara/ros2_ws/build/amr_webots_sim/install.log --single-version-externally-managed install_data --force
