[1.381s] Invoking command in '/home/bara/ros2_ws/src/amr_webots_sim': DEBUGINFOD_URLS=https://debuginfod.ubuntu.com PYTHONPATH=/home/bara/ros2_ws/src/amr_webots_sim/build/amr_webots_sim/prefix_override:/usr/lib/python3/dist-packages/colcon_core/task/python/colcon_distutils_commands:/home/bara/ros2_ws/src/amr_webots_sim/install/amr_webots_sim/lib/python3.12/site-packages:${PYTHONPATH} /usr/bin/python3 -W ignore:setup.py install is deprecated -W ignore:easy_install command is deprecated setup.py egg_info --egg-base build/amr_webots_sim build --build-base /home/bara/ros2_ws/src/amr_webots_sim/build/amr_webots_sim/build install --record /home/bara/ros2_ws/src/amr_webots_sim/build/amr_webots_sim/install.log --single-version-externally-managed install_data
[1.750s] running egg_info
[1.776s] writing build/amr_webots_sim/amr_webots_sim.egg-info/PKG-INFO
[1.779s] writing dependency_links to build/amr_webots_sim/amr_webots_sim.egg-info/dependency_links.txt
[1.779s] writing entry points to build/amr_webots_sim/amr_webots_sim.egg-info/entry_points.txt
[1.779s] writing requirements to build/amr_webots_sim/amr_webots_sim.egg-info/requires.txt
[1.779s] writing top-level names to build/amr_webots_sim/amr_webots_sim.egg-info/top_level.txt
[1.832s] reading manifest file 'build/amr_webots_sim/amr_webots_sim.egg-info/SOURCES.txt'
[1.835s] writing manifest file 'build/amr_webots_sim/amr_webots_sim.egg-info/SOURCES.txt'
[1.835s] running build
[1.835s] running build_py
[1.835s] creating /home/bara/ros2_ws/src/amr_webots_sim/build/amr_webots_sim/build/lib/scripts
[1.835s] copying scripts/amr_navigator_cli.py -> /home/bara/ros2_ws/src/amr_webots_sim/build/amr_webots_sim/build/lib/scripts
[1.835s] copying scripts/__init__.py -> /home/bara/ros2_ws/src/amr_webots_sim/build/amr_webots_sim/build/lib/scripts
[1.835s] copying scripts/amr_waypoint_navigator.py -> /home/bara/ros2_ws/src/amr_webots_sim/build/amr_webots_sim/build/lib/scripts
[1.837s] running install
[1.845s] running install_lib
[1.869s] creating /home/bara/ros2_ws/src/amr_webots_sim/install/amr_webots_sim/lib/python3.12/site-packages/scripts
[1.870s] copying /home/bara/ros2_ws/src/amr_webots_sim/build/amr_webots_sim/build/lib/scripts/amr_navigator_cli.py -> /home/bara/ros2_ws/src/amr_webots_sim/install/amr_webots_sim/lib/python3.12/site-packages/scripts
[1.870s] copying /home/bara/ros2_ws/src/amr_webots_sim/build/amr_webots_sim/build/lib/scripts/__init__.py -> /home/bara/ros2_ws/src/amr_webots_sim/install/amr_webots_sim/lib/python3.12/site-packages/scripts
[1.870s] copying /home/bara/ros2_ws/src/amr_webots_sim/build/amr_webots_sim/build/lib/scripts/amr_waypoint_navigator.py -> /home/bara/ros2_ws/src/amr_webots_sim/install/amr_webots_sim/lib/python3.12/site-packages/scripts
[1.873s] byte-compiling /home/bara/ros2_ws/src/amr_webots_sim/install/amr_webots_sim/lib/python3.12/site-packages/scripts/amr_navigator_cli.py to amr_navigator_cli.cpython-312.pyc
[1.873s] byte-compiling /home/bara/ros2_ws/src/amr_webots_sim/install/amr_webots_sim/lib/python3.12/site-packages/scripts/__init__.py to __init__.cpython-312.pyc
[1.873s] byte-compiling /home/bara/ros2_ws/src/amr_webots_sim/install/amr_webots_sim/lib/python3.12/site-packages/scripts/amr_waypoint_navigator.py to amr_waypoint_navigator.cpython-312.pyc
[1.876s] running install_data
[1.876s] creating /home/bara/ros2_ws/src/amr_webots_sim/install/amr_webots_sim/share/amr_webots_sim/scripts
[1.876s] copying scripts/amr_navigator_cli.py -> /home/bara/ros2_ws/src/amr_webots_sim/install/amr_webots_sim/share/amr_webots_sim/scripts
[1.876s] copying scripts/__init__.py -> /home/bara/ros2_ws/src/amr_webots_sim/install/amr_webots_sim/share/amr_webots_sim/scripts
[1.876s] copying scripts/amr_waypoint_navigator.py -> /home/bara/ros2_ws/src/amr_webots_sim/install/amr_webots_sim/share/amr_webots_sim/scripts
[1.876s] running install_egg_info
[1.911s] removing '/home/bara/ros2_ws/src/amr_webots_sim/install/amr_webots_sim/lib/python3.12/site-packages/amr_webots_sim-0.1.0-py3.12.egg-info' (and everything under it)
[1.912s] Copying build/amr_webots_sim/amr_webots_sim.egg-info to /home/bara/ros2_ws/src/amr_webots_sim/install/amr_webots_sim/lib/python3.12/site-packages/amr_webots_sim-0.1.0-py3.12.egg-info
[1.913s] running install_scripts
[2.100s] Installing amr_controller script to /home/bara/ros2_ws/src/amr_webots_sim/install/amr_webots_sim/lib/amr_webots_sim
[2.102s] Installing amr_nav script to /home/bara/ros2_ws/src/amr_webots_sim/install/amr_webots_sim/lib/amr_webots_sim
[2.102s] Installing amr_navigator script to /home/bara/ros2_ws/src/amr_webots_sim/install/amr_webots_sim/lib/amr_webots_sim
[2.102s] writing list of installed files to '/home/bara/ros2_ws/src/amr_webots_sim/build/amr_webots_sim/install.log'
[2.141s] Invoked command in '/home/bara/ros2_ws/src/amr_webots_sim' returned '0': DEBUGINFOD_URLS=https://debuginfod.ubuntu.com PYTHONPATH=/home/bara/ros2_ws/src/amr_webots_sim/build/amr_webots_sim/prefix_override:/usr/lib/python3/dist-packages/colcon_core/task/python/colcon_distutils_commands:/home/bara/ros2_ws/src/amr_webots_sim/install/amr_webots_sim/lib/python3.12/site-packages:${PYTHONPATH} /usr/bin/python3 -W ignore:setup.py install is deprecated -W ignore:easy_install command is deprecated setup.py egg_info --egg-base build/amr_webots_sim build --build-base /home/bara/ros2_ws/src/amr_webots_sim/build/amr_webots_sim/build install --record /home/bara/ros2_ws/src/amr_webots_sim/build/amr_webots_sim/install.log --single-version-externally-managed install_data
