[1.011s] Invoking command in '/home/bara/ros2_ws/build/amr_webots_sim': DEBUGINFOD_URLS=https://debuginfod.ubuntu.com PYTHONPATH=/home/bara/ros2_ws/build/amr_webots_sim/prefix_override:/usr/lib/python3/dist-packages/colcon_core/task/python/colcon_distutils_commands:/home/bara/ros2_ws/install/amr_webots_sim/lib/python3.12/site-packages:${PYTHONPATH} /usr/bin/python3 -W ignore:setup.py install is deprecated -W ignore:easy_install command is deprecated setup.py develop --editable --build-directory /home/bara/ros2_ws/build/amr_webots_sim/build --no-deps symlink_data
[1.392s] running develop
[1.636s] running egg_info
[1.660s] writing amr_webots_sim.egg-info/PKG-INFO
[1.660s] writing dependency_links to amr_webots_sim.egg-info/dependency_links.txt
[1.660s] writing entry points to amr_webots_sim.egg-info/entry_points.txt
[1.660s] writing requirements to amr_webots_sim.egg-info/requires.txt
[1.660s] writing top-level names to amr_webots_sim.egg-info/top_level.txt
[1.705s] reading manifest file 'amr_webots_sim.egg-info/SOURCES.txt'
[1.706s] writing manifest file 'amr_webots_sim.egg-info/SOURCES.txt'
[1.737s] running build_ext
[1.737s] Creating /home/bara/ros2_ws/install/amr_webots_sim/lib/python3.12/site-packages/amr-webots-sim.egg-link (link to .)
[1.738s] Installing amr_controller script to /home/bara/ros2_ws/install/amr_webots_sim/lib/amr_webots_sim
[1.738s] Installing conveyor_belt_driver script to /home/bara/ros2_ws/install/amr_webots_sim/lib/amr_webots_sim
[1.738s] Installing master_supervisor script to /home/bara/ros2_ws/install/amr_webots_sim/lib/amr_webots_sim
[1.738s] Installing ned_driver script to /home/bara/ros2_ws/install/amr_webots_sim/lib/amr_webots_sim
[1.738s] 
[1.738s] Installed /home/bara/ros2_ws/build/amr_webots_sim
[1.738s] running symlink_data
[1.784s] Invoked command in '/home/bara/ros2_ws/build/amr_webots_sim' returned '0': DEBUGINFOD_URLS=https://debuginfod.ubuntu.com PYTHONPATH=/home/bara/ros2_ws/build/amr_webots_sim/prefix_override:/usr/lib/python3/dist-packages/colcon_core/task/python/colcon_distutils_commands:/home/bara/ros2_ws/install/amr_webots_sim/lib/python3.12/site-packages:${PYTHONPATH} /usr/bin/python3 -W ignore:setup.py install is deprecated -W ignore:easy_install command is deprecated setup.py develop --editable --build-directory /home/bara/ros2_ws/build/amr_webots_sim/build --no-deps symlink_data
