running develop
running egg_info
writing amr_webots_sim.egg-info/PKG-INFO
writing dependency_links to amr_webots_sim.egg-info/dependency_links.txt
writing entry points to amr_webots_sim.egg-info/entry_points.txt
writing requirements to amr_webots_sim.egg-info/requires.txt
writing top-level names to amr_webots_sim.egg-info/top_level.txt
reading manifest file 'amr_webots_sim.egg-info/SOURCES.txt'
writing manifest file 'amr_webots_sim.egg-info/SOURCES.txt'
running build_ext
Creating /home/bara/ros2_ws/install/amr_webots_sim/lib/python3.12/site-packages/amr-webots-sim.egg-link (link to .)
Installing amr_api script to /home/bara/ros2_ws/install/amr_webots_sim/lib/amr_webots_sim
Installing amr_controller script to /home/bara/ros2_ws/install/amr_webots_sim/lib/amr_webots_sim

Installed /home/bara/ros2_ws/build/amr_webots_sim
running symlink_data
symbolically linking /home/bara/ros2_ws/build/amr_webots_sim/package.xml -> /home/bara/ros2_ws/install/amr_webots_sim/share/ament_index/resource_index/packages
symbolically linking /home/bara/ros2_ws/build/amr_webots_sim/package.xml -> /home/bara/ros2_ws/install/amr_webots_sim/share/amr_webots_sim
symbolically linking /home/bara/ros2_ws/build/amr_webots_sim/README.md -> /home/bara/ros2_ws/install/amr_webots_sim/share/amr_webots_sim
symbolically linking /home/bara/ros2_ws/build/amr_webots_sim/worlds/amr_world.wbt -> /home/bara/ros2_ws/install/amr_webots_sim/share/amr_webots_sim/worlds
symbolically linking /home/bara/ros2_ws/build/amr_webots_sim/worlds/AMR.proto -> /home/bara/ros2_ws/install/amr_webots_sim/share/amr_webots_sim/worlds
symbolically linking /home/bara/ros2_ws/build/amr_webots_sim/resource/ros2_control.yaml -> /home/bara/ros2_ws/install/amr_webots_sim/share/amr_webots_sim/resource
symbolically linking /home/bara/ros2_ws/build/amr_webots_sim/resource/amr.rviz -> /home/bara/ros2_ws/install/amr_webots_sim/share/amr_webots_sim/resource
symbolically linking /home/bara/ros2_ws/build/amr_webots_sim/resource/amr_webots_sim -> /home/bara/ros2_ws/install/amr_webots_sim/share/amr_webots_sim/resource
symbolically linking /home/bara/ros2_ws/build/amr_webots_sim/resource/mecanum_drive_controller.yaml -> /home/bara/ros2_ws/install/amr_webots_sim/share/amr_webots_sim/resource
symbolically linking /home/bara/ros2_ws/build/amr_webots_sim/resource/amr_robot.urdf -> /home/bara/ros2_ws/install/amr_webots_sim/share/amr_webots_sim/resource
symbolically linking /home/bara/ros2_ws/build/amr_webots_sim/launch/amr_simulation.launch.py -> /home/bara/ros2_ws/install/amr_webots_sim/share/amr_webots_sim/launch
symbolically linking /home/bara/ros2_ws/build/amr_webots_sim/protos/AMR.proto -> /home/bara/ros2_ws/install/amr_webots_sim/share/amr_webots_sim/protos
symbolically linking /home/bara/ros2_ws/build/amr_webots_sim/amr_webots_sim/amr_controller.py -> /home/bara/ros2_ws/install/amr_webots_sim/share/amr_webots_sim/amr_webots_sim
symbolically linking /home/bara/ros2_ws/build/amr_webots_sim/amr_webots_sim/__init__.py -> /home/bara/ros2_ws/install/amr_webots_sim/share/amr_webots_sim/amr_webots_sim
symbolically linking /home/bara/ros2_ws/build/amr_webots_sim/amr_webots_sim/amr_api.py -> /home/bara/ros2_ws/install/amr_webots_sim/share/amr_webots_sim/amr_webots_sim
