[1.036s] Invoking command in '/home/bara/ros2_ws/build/amr_webots_sim': DEBUGINFOD_URLS=https://debuginfod.ubuntu.com PYTHONPATH=/home/bara/ros2_ws/build/amr_webots_sim/prefix_override:/usr/lib/python3/dist-packages/colcon_core/task/python/colcon_distutils_commands:/home/bara/ros2_ws/install/amr_webots_sim/lib/python3.12/site-packages:${PYTHONPATH} /usr/bin/python3 -W ignore:setup.py install is deprecated -W ignore:easy_install command is deprecated setup.py develop --editable --build-directory /home/bara/ros2_ws/build/amr_webots_sim/build --no-deps symlink_data --force
[1.481s] running develop
[1.731s] running egg_info
[1.759s] writing amr_webots_sim.egg-info/PKG-INFO
[1.760s] writing dependency_links to amr_webots_sim.egg-info/dependency_links.txt
[1.763s] writing entry points to amr_webots_sim.egg-info/entry_points.txt
[1.763s] writing requirements to amr_webots_sim.egg-info/requires.txt
[1.763s] writing top-level names to amr_webots_sim.egg-info/top_level.txt
[1.817s] reading manifest file 'amr_webots_sim.egg-info/SOURCES.txt'
[1.817s] writing manifest file 'amr_webots_sim.egg-info/SOURCES.txt'
[1.842s] running build_ext
[1.842s] Creating /home/bara/ros2_ws/install/amr_webots_sim/lib/python3.12/site-packages/amr-webots-sim.egg-link (link to .)
[1.846s] Installing amr_api script to /home/bara/ros2_ws/install/amr_webots_sim/lib/amr_webots_sim
[1.846s] Installing amr_controller script to /home/bara/ros2_ws/install/amr_webots_sim/lib/amr_webots_sim
[1.846s] 
[1.846s] Installed /home/bara/ros2_ws/build/amr_webots_sim
[1.846s] running symlink_data
[1.846s] symbolically linking /home/bara/ros2_ws/build/amr_webots_sim/package.xml -> /home/bara/ros2_ws/install/amr_webots_sim/share/ament_index/resource_index/packages
[1.846s] symbolically linking /home/bara/ros2_ws/build/amr_webots_sim/package.xml -> /home/bara/ros2_ws/install/amr_webots_sim/share/amr_webots_sim
[1.846s] symbolically linking /home/bara/ros2_ws/build/amr_webots_sim/README.md -> /home/bara/ros2_ws/install/amr_webots_sim/share/amr_webots_sim
[1.846s] symbolically linking /home/bara/ros2_ws/build/amr_webots_sim/worlds/amr_world.wbt -> /home/bara/ros2_ws/install/amr_webots_sim/share/amr_webots_sim/worlds
[1.846s] symbolically linking /home/bara/ros2_ws/build/amr_webots_sim/worlds/AMR.proto -> /home/bara/ros2_ws/install/amr_webots_sim/share/amr_webots_sim/worlds
[1.847s] symbolically linking /home/bara/ros2_ws/build/amr_webots_sim/resource/ros2_control.yaml -> /home/bara/ros2_ws/install/amr_webots_sim/share/amr_webots_sim/resource
[1.847s] symbolically linking /home/bara/ros2_ws/build/amr_webots_sim/resource/amr.rviz -> /home/bara/ros2_ws/install/amr_webots_sim/share/amr_webots_sim/resource
[1.847s] symbolically linking /home/bara/ros2_ws/build/amr_webots_sim/resource/amr_webots_sim -> /home/bara/ros2_ws/install/amr_webots_sim/share/amr_webots_sim/resource
[1.847s] symbolically linking /home/bara/ros2_ws/build/amr_webots_sim/resource/mecanum_drive_controller.yaml -> /home/bara/ros2_ws/install/amr_webots_sim/share/amr_webots_sim/resource
[1.847s] symbolically linking /home/bara/ros2_ws/build/amr_webots_sim/resource/amr_robot.urdf -> /home/bara/ros2_ws/install/amr_webots_sim/share/amr_webots_sim/resource
[1.847s] symbolically linking /home/bara/ros2_ws/build/amr_webots_sim/launch/amr_simulation.launch.py -> /home/bara/ros2_ws/install/amr_webots_sim/share/amr_webots_sim/launch
[1.847s] symbolically linking /home/bara/ros2_ws/build/amr_webots_sim/protos/AMR.proto -> /home/bara/ros2_ws/install/amr_webots_sim/share/amr_webots_sim/protos
[1.847s] symbolically linking /home/bara/ros2_ws/build/amr_webots_sim/amr_webots_sim/amr_controller.py -> /home/bara/ros2_ws/install/amr_webots_sim/share/amr_webots_sim/amr_webots_sim
[1.847s] symbolically linking /home/bara/ros2_ws/build/amr_webots_sim/amr_webots_sim/__init__.py -> /home/bara/ros2_ws/install/amr_webots_sim/share/amr_webots_sim/amr_webots_sim
[1.847s] symbolically linking /home/bara/ros2_ws/build/amr_webots_sim/amr_webots_sim/amr_api.py -> /home/bara/ros2_ws/install/amr_webots_sim/share/amr_webots_sim/amr_webots_sim
[1.903s] Invoked command in '/home/bara/ros2_ws/build/amr_webots_sim' returned '0': DEBUGINFOD_URLS=https://debuginfod.ubuntu.com PYTHONPATH=/home/bara/ros2_ws/build/amr_webots_sim/prefix_override:/usr/lib/python3/dist-packages/colcon_core/task/python/colcon_distutils_commands:/home/bara/ros2_ws/install/amr_webots_sim/lib/python3.12/site-packages:${PYTHONPATH} /usr/bin/python3 -W ignore:setup.py install is deprecated -W ignore:easy_install command is deprecated setup.py develop --editable --build-directory /home/bara/ros2_ws/build/amr_webots_sim/build --no-deps symlink_data --force
