[1.434s] Invoking command in '/home/bara/ros2_ws/src/amr_webots_sim': DEBUGINFOD_URLS=https://debuginfod.ubuntu.com PS1=\[\e]0;\u@\h: \w\a\]${debian_chroot:+($debian_chroot)}\[\033[01;32m\]\u@\h\[\033[00m\]:\[\033[01;34m\]\w\[\033[00m\]\$ PYTHONPATH=/home/bara/ros2_ws/src/amr_webots_sim/build/amr_webots_sim/prefix_override:/usr/lib/python3/dist-packages/colcon_core/task/python/colcon_distutils_commands:/home/bara/ros2_ws/src/amr_webots_sim/install/amr_webots_sim/lib/python3.12/site-packages:${PYTHONPATH} /usr/bin/python3 -W ignore:setup.py install is deprecated -W ignore:easy_install command is deprecated setup.py egg_info --egg-base build/amr_webots_sim build --build-base /home/bara/ros2_ws/src/amr_webots_sim/build/amr_webots_sim/build install --record /home/bara/ros2_ws/src/amr_webots_sim/build/amr_webots_sim/install.log --single-version-externally-managed install_data
[1.786s] running egg_info
[1.813s] writing build/amr_webots_sim/amr_webots_sim.egg-info/PKG-INFO
[1.813s] writing dependency_links to build/amr_webots_sim/amr_webots_sim.egg-info/dependency_links.txt
[1.815s] writing entry points to build/amr_webots_sim/amr_webots_sim.egg-info/entry_points.txt
[1.815s] writing requirements to build/amr_webots_sim/amr_webots_sim.egg-info/requires.txt
[1.815s] writing top-level names to build/amr_webots_sim/amr_webots_sim.egg-info/top_level.txt
[1.865s] reading manifest file 'build/amr_webots_sim/amr_webots_sim.egg-info/SOURCES.txt'
[1.867s] writing manifest file 'build/amr_webots_sim/amr_webots_sim.egg-info/SOURCES.txt'
[1.867s] running build
[1.870s] running build_py
[1.870s] running install
[1.879s] running install_lib
[1.908s] running install_data
[1.909s] running install_egg_info
[1.934s] removing '/home/bara/ros2_ws/src/amr_webots_sim/install/amr_webots_sim/lib/python3.12/site-packages/amr_webots_sim-0.1.0-py3.12.egg-info' (and everything under it)
[1.934s] Copying build/amr_webots_sim/amr_webots_sim.egg-info to /home/bara/ros2_ws/src/amr_webots_sim/install/amr_webots_sim/lib/python3.12/site-packages/amr_webots_sim-0.1.0-py3.12.egg-info
[1.934s] running install_scripts
[2.103s] Installing amr_controller script to /home/bara/ros2_ws/src/amr_webots_sim/install/amr_webots_sim/lib/amr_webots_sim
[2.104s] writing list of installed files to '/home/bara/ros2_ws/src/amr_webots_sim/build/amr_webots_sim/install.log'
[2.138s] Invoked command in '/home/bara/ros2_ws/src/amr_webots_sim' returned '0': DEBUGINFOD_URLS=https://debuginfod.ubuntu.com PS1=\[\e]0;\u@\h: \w\a\]${debian_chroot:+($debian_chroot)}\[\033[01;32m\]\u@\h\[\033[00m\]:\[\033[01;34m\]\w\[\033[00m\]\$ PYTHONPATH=/home/bara/ros2_ws/src/amr_webots_sim/build/amr_webots_sim/prefix_override:/usr/lib/python3/dist-packages/colcon_core/task/python/colcon_distutils_commands:/home/bara/ros2_ws/src/amr_webots_sim/install/amr_webots_sim/lib/python3.12/site-packages:${PYTHONPATH} /usr/bin/python3 -W ignore:setup.py install is deprecated -W ignore:easy_install command is deprecated setup.py egg_info --egg-base build/amr_webots_sim build --build-base /home/bara/ros2_ws/src/amr_webots_sim/build/amr_webots_sim/build install --record /home/bara/ros2_ws/src/amr_webots_sim/build/amr_webots_sim/install.log --single-version-externally-managed install_data
