[1.008s] Invoking command in '/home/bara/ros2_ws/src/amr_webots_sim': DEBUGINFOD_URLS=https://debuginfod.ubuntu.com PYTHONPATH=/home/bara/ros2_ws/build/amr_webots_sim/prefix_override:/usr/lib/python3/dist-packages/colcon_core/task/python/colcon_distutils_commands:/home/bara/ros2_ws/install/amr_webots_sim/lib/python3.12/site-packages:${PYTHONPATH} /usr/bin/python3 -W ignore:setup.py install is deprecated -W ignore:easy_install command is deprecated setup.py egg_info --egg-base ../../build/amr_webots_sim build --build-base /home/bara/ros2_ws/build/amr_webots_sim/build install --record /home/bara/ros2_ws/build/amr_webots_sim/install.log --single-version-externally-managed install_data
[1.388s] running egg_info
[1.412s] writing ../../build/amr_webots_sim/amr_webots_sim.egg-info/PKG-INFO
[1.413s] writing dependency_links to ../../build/amr_webots_sim/amr_webots_sim.egg-info/dependency_links.txt
[1.414s] writing entry points to ../../build/amr_webots_sim/amr_webots_sim.egg-info/entry_points.txt
[1.414s] writing requirements to ../../build/amr_webots_sim/amr_webots_sim.egg-info/requires.txt
[1.415s] writing top-level names to ../../build/amr_webots_sim/amr_webots_sim.egg-info/top_level.txt
[1.469s] reading manifest file '../../build/amr_webots_sim/amr_webots_sim.egg-info/SOURCES.txt'
[1.470s] writing manifest file '../../build/amr_webots_sim/amr_webots_sim.egg-info/SOURCES.txt'
[1.471s] running build
[1.471s] running build_py
[1.472s] copying amr_webots_sim/amr_api.py -> /home/bara/ros2_ws/build/amr_webots_sim/build/lib/amr_webots_sim
[1.472s] running install
[1.480s] running install_lib
[1.504s] copying /home/bara/ros2_ws/build/amr_webots_sim/build/lib/amr_webots_sim/amr_api.py -> /home/bara/ros2_ws/install/amr_webots_sim/lib/python3.12/site-packages/amr_webots_sim
[1.504s] byte-compiling /home/bara/ros2_ws/install/amr_webots_sim/lib/python3.12/site-packages/amr_webots_sim/amr_api.py to amr_api.cpython-312.pyc
[1.509s] running install_data
[1.510s] running install_egg_info
[1.540s] removing '/home/bara/ros2_ws/install/amr_webots_sim/lib/python3.12/site-packages/amr_webots_sim-0.1.0-py3.12.egg-info' (and everything under it)
[1.545s] Copying ../../build/amr_webots_sim/amr_webots_sim.egg-info to /home/bara/ros2_ws/install/amr_webots_sim/lib/python3.12/site-packages/amr_webots_sim-0.1.0-py3.12.egg-info
[1.545s] running install_scripts
[1.714s] Installing amr_controller script to /home/bara/ros2_ws/install/amr_webots_sim/lib/amr_webots_sim
[1.715s] Installing belt_controller script to /home/bara/ros2_ws/install/amr_webots_sim/lib/amr_webots_sim
[1.716s] writing list of installed files to '/home/bara/ros2_ws/build/amr_webots_sim/install.log'
[1.755s] Invoked command in '/home/bara/ros2_ws/src/amr_webots_sim' returned '0': DEBUGINFOD_URLS=https://debuginfod.ubuntu.com PYTHONPATH=/home/bara/ros2_ws/build/amr_webots_sim/prefix_override:/usr/lib/python3/dist-packages/colcon_core/task/python/colcon_distutils_commands:/home/bara/ros2_ws/install/amr_webots_sim/lib/python3.12/site-packages:${PYTHONPATH} /usr/bin/python3 -W ignore:setup.py install is deprecated -W ignore:easy_install command is deprecated setup.py egg_info --egg-base ../../build/amr_webots_sim build --build-base /home/bara/ros2_ws/build/amr_webots_sim/build install --record /home/bara/ros2_ws/build/amr_webots_sim/install.log --single-version-externally-managed install_data
