[1.453s] Invoking command in '/home/bara/ros2_ws/src/amr_webots_sim': DEBUGINFOD_URLS=https://debuginfod.ubuntu.com PYTHONPATH=/home/bara/ros2_ws/src/amr_webots_sim/build/amr_webots_sim/prefix_override:/usr/lib/python3/dist-packages/colcon_core/task/python/colcon_distutils_commands:/home/bara/ros2_ws/src/amr_webots_sim/install/amr_webots_sim/lib/python3.12/site-packages:${PYTHONPATH} /usr/bin/python3 -W ignore:setup.py install is deprecated -W ignore:easy_install command is deprecated setup.py egg_info --egg-base build/amr_webots_sim build --build-base /home/bara/ros2_ws/src/amr_webots_sim/build/amr_webots_sim/build install --record /home/bara/ros2_ws/src/amr_webots_sim/build/amr_webots_sim/install.log --single-version-externally-managed install_data
[1.879s] running egg_info
[1.880s] creating build/amr_webots_sim/amr_webots_sim.egg-info
[1.907s] writing build/amr_webots_sim/amr_webots_sim.egg-info/PKG-INFO
[1.909s] writing dependency_links to build/amr_webots_sim/amr_webots_sim.egg-info/dependency_links.txt
[1.909s] writing entry points to build/amr_webots_sim/amr_webots_sim.egg-info/entry_points.txt
[1.909s] writing requirements to build/amr_webots_sim/amr_webots_sim.egg-info/requires.txt
[1.911s] writing top-level names to build/amr_webots_sim/amr_webots_sim.egg-info/top_level.txt
[1.911s] writing manifest file 'build/amr_webots_sim/amr_webots_sim.egg-info/SOURCES.txt'
[1.955s] reading manifest file 'build/amr_webots_sim/amr_webots_sim.egg-info/SOURCES.txt'
[1.957s] writing manifest file 'build/amr_webots_sim/amr_webots_sim.egg-info/SOURCES.txt'
[1.957s] running build
[1.957s] running build_py
[1.958s] creating /home/bara/ros2_ws/src/amr_webots_sim/build/amr_webots_sim/build
[1.958s] creating /home/bara/ros2_ws/src/amr_webots_sim/build/amr_webots_sim/build/lib
[1.958s] creating /home/bara/ros2_ws/src/amr_webots_sim/build/amr_webots_sim/build/lib/amr_webots_sim
[1.958s] copying amr_webots_sim/amr_controller.py -> /home/bara/ros2_ws/src/amr_webots_sim/build/amr_webots_sim/build/lib/amr_webots_sim
[1.958s] copying amr_webots_sim/__init__.py -> /home/bara/ros2_ws/src/amr_webots_sim/build/amr_webots_sim/build/lib/amr_webots_sim
[1.958s] running install
[1.966s] running install_lib
[1.990s] creating /home/bara/ros2_ws/src/amr_webots_sim/install/amr_webots_sim/lib/python3.12/site-packages/amr_webots_sim
[1.990s] copying /home/bara/ros2_ws/src/amr_webots_sim/build/amr_webots_sim/build/lib/amr_webots_sim/amr_controller.py -> /home/bara/ros2_ws/src/amr_webots_sim/install/amr_webots_sim/lib/python3.12/site-packages/amr_webots_sim
[1.990s] copying /home/bara/ros2_ws/src/amr_webots_sim/build/amr_webots_sim/build/lib/amr_webots_sim/__init__.py -> /home/bara/ros2_ws/src/amr_webots_sim/install/amr_webots_sim/lib/python3.12/site-packages/amr_webots_sim
[1.992s] byte-compiling /home/bara/ros2_ws/src/amr_webots_sim/install/amr_webots_sim/lib/python3.12/site-packages/amr_webots_sim/amr_controller.py to amr_controller.cpython-312.pyc
[1.995s] byte-compiling /home/bara/ros2_ws/src/amr_webots_sim/install/amr_webots_sim/lib/python3.12/site-packages/amr_webots_sim/__init__.py to __init__.cpython-312.pyc
[1.995s] running install_data
[1.995s] copying package.xml -> /home/bara/ros2_ws/src/amr_webots_sim/install/amr_webots_sim/share/ament_index/resource_index/packages
[1.996s] copying package.xml -> /home/bara/ros2_ws/src/amr_webots_sim/install/amr_webots_sim/share/amr_webots_sim
[1.996s] copying README.md -> /home/bara/ros2_ws/src/amr_webots_sim/install/amr_webots_sim/share/amr_webots_sim
[1.996s] creating /home/bara/ros2_ws/src/amr_webots_sim/install/amr_webots_sim/share/amr_webots_sim/worlds
[1.998s] copying worlds/amr_world.wbt -> /home/bara/ros2_ws/src/amr_webots_sim/install/amr_webots_sim/share/amr_webots_sim/worlds
[1.998s] copying worlds/AMR.proto -> /home/bara/ros2_ws/src/amr_webots_sim/install/amr_webots_sim/share/amr_webots_sim/worlds
[2.003s] creating /home/bara/ros2_ws/src/amr_webots_sim/install/amr_webots_sim/share/amr_webots_sim/resource
[2.003s] copying resource/ros2_control.yaml -> /home/bara/ros2_ws/src/amr_webots_sim/install/amr_webots_sim/share/amr_webots_sim/resource
[2.004s] copying resource/amr.rviz -> /home/bara/ros2_ws/src/amr_webots_sim/install/amr_webots_sim/share/amr_webots_sim/resource
[2.004s] copying resource/amr_webots_sim -> /home/bara/ros2_ws/src/amr_webots_sim/install/amr_webots_sim/share/amr_webots_sim/resource
[2.004s] copying resource/mecanum_drive_controller.yaml -> /home/bara/ros2_ws/src/amr_webots_sim/install/amr_webots_sim/share/amr_webots_sim/resource
[2.004s] copying resource/amr_robot.urdf -> /home/bara/ros2_ws/src/amr_webots_sim/install/amr_webots_sim/share/amr_webots_sim/resource
[2.004s] creating /home/bara/ros2_ws/src/amr_webots_sim/install/amr_webots_sim/share/amr_webots_sim/launch
[2.004s] copying launch/amr_simulation.launch.py -> /home/bara/ros2_ws/src/amr_webots_sim/install/amr_webots_sim/share/amr_webots_sim/launch
[2.005s] creating /home/bara/ros2_ws/src/amr_webots_sim/install/amr_webots_sim/share/amr_webots_sim/protos
[2.005s] copying protos/AMR.proto -> /home/bara/ros2_ws/src/amr_webots_sim/install/amr_webots_sim/share/amr_webots_sim/protos
[2.005s] creating /home/bara/ros2_ws/src/amr_webots_sim/install/amr_webots_sim/share/amr_webots_sim/amr_webots_sim
[2.005s] copying amr_webots_sim/amr_controller.py -> /home/bara/ros2_ws/src/amr_webots_sim/install/amr_webots_sim/share/amr_webots_sim/amr_webots_sim
[2.005s] copying amr_webots_sim/__init__.py -> /home/bara/ros2_ws/src/amr_webots_sim/install/amr_webots_sim/share/amr_webots_sim/amr_webots_sim
[2.005s] running install_egg_info
[2.026s] Copying build/amr_webots_sim/amr_webots_sim.egg-info to /home/bara/ros2_ws/src/amr_webots_sim/install/amr_webots_sim/lib/python3.12/site-packages/amr_webots_sim-0.0.1-py3.12.egg-info
[2.027s] running install_scripts
[2.186s] Installing amr_controller script to /home/bara/ros2_ws/src/amr_webots_sim/install/amr_webots_sim/lib/amr_webots_sim
[2.188s] writing list of installed files to '/home/bara/ros2_ws/src/amr_webots_sim/build/amr_webots_sim/install.log'
[2.236s] Invoked command in '/home/bara/ros2_ws/src/amr_webots_sim' returned '0': DEBUGINFOD_URLS=https://debuginfod.ubuntu.com PYTHONPATH=/home/bara/ros2_ws/src/amr_webots_sim/build/amr_webots_sim/prefix_override:/usr/lib/python3/dist-packages/colcon_core/task/python/colcon_distutils_commands:/home/bara/ros2_ws/src/amr_webots_sim/install/amr_webots_sim/lib/python3.12/site-packages:${PYTHONPATH} /usr/bin/python3 -W ignore:setup.py install is deprecated -W ignore:easy_install command is deprecated setup.py egg_info --egg-base build/amr_webots_sim build --build-base /home/bara/ros2_ws/src/amr_webots_sim/build/amr_webots_sim/build install --record /home/bara/ros2_ws/src/amr_webots_sim/build/amr_webots_sim/install.log --single-version-externally-managed install_data
