[1.058s] Invoking command in '/home/bara/ros2_ws/src/amr_webots_sim': DEBUGINFOD_URLS=https://debuginfod.ubuntu.com PYTHONPATH=/home/bara/ros2_ws/src/amr_webots_sim/build/amr_webots_sim/prefix_override:/usr/lib/python3/dist-packages/colcon_core/task/python/colcon_distutils_commands:/home/bara/ros2_ws/src/amr_webots_sim/install/amr_webots_sim/lib/python3.12/site-packages:${PYTHONPATH} /usr/bin/python3 -W ignore:setup.py install is deprecated -W ignore:easy_install command is deprecated setup.py egg_info --egg-base build/amr_webots_sim build --build-base /home/bara/ros2_ws/src/amr_webots_sim/build/amr_webots_sim/build install --record /home/bara/ros2_ws/src/amr_webots_sim/build/amr_webots_sim/install.log --single-version-externally-managed install_data
[1.356s] running egg_info
[1.377s] writing build/amr_webots_sim/amr_webots_sim.egg-info/PKG-INFO
[1.378s] writing dependency_links to build/amr_webots_sim/amr_webots_sim.egg-info/dependency_links.txt
[1.380s] writing entry points to build/amr_webots_sim/amr_webots_sim.egg-info/entry_points.txt
[1.380s] writing requirements to build/amr_webots_sim/amr_webots_sim.egg-info/requires.txt
[1.380s] writing top-level names to build/amr_webots_sim/amr_webots_sim.egg-info/top_level.txt
[1.426s] reading manifest file 'build/amr_webots_sim/amr_webots_sim.egg-info/SOURCES.txt'
[1.426s] writing manifest file 'build/amr_webots_sim/amr_webots_sim.egg-info/SOURCES.txt'
[1.427s] running build
[1.427s] running build_py
[1.429s] copying amr_webots_sim/amr_controller.py -> /home/bara/ros2_ws/src/amr_webots_sim/build/amr_webots_sim/build/lib/amr_webots_sim
[1.429s] running install
[1.434s] running install_lib
[1.458s] copying /home/bara/ros2_ws/src/amr_webots_sim/build/amr_webots_sim/build/lib/amr_webots_sim/amr_controller.py -> /home/bara/ros2_ws/src/amr_webots_sim/install/amr_webots_sim/lib/python3.12/site-packages/amr_webots_sim
[1.458s] byte-compiling /home/bara/ros2_ws/src/amr_webots_sim/install/amr_webots_sim/lib/python3.12/site-packages/amr_webots_sim/amr_controller.py to amr_controller.cpython-312.pyc
[1.462s] running install_data
[1.462s] copying worlds/amr_world.wbt -> /home/bara/ros2_ws/src/amr_webots_sim/install/amr_webots_sim/share/amr_webots_sim/worlds
[1.462s] copying launch/amr_simulation.launch.py -> /home/bara/ros2_ws/src/amr_webots_sim/install/amr_webots_sim/share/amr_webots_sim/launch
[1.465s] error: can't copy 'controllers/amr_controller/amr_controller.py': doesn't exist or not a regular file
[1.497s] Invoked command in '/home/bara/ros2_ws/src/amr_webots_sim' returned '1': DEBUGINFOD_URLS=https://debuginfod.ubuntu.com PYTHONPATH=/home/bara/ros2_ws/src/amr_webots_sim/build/amr_webots_sim/prefix_override:/usr/lib/python3/dist-packages/colcon_core/task/python/colcon_distutils_commands:/home/bara/ros2_ws/src/amr_webots_sim/install/amr_webots_sim/lib/python3.12/site-packages:${PYTHONPATH} /usr/bin/python3 -W ignore:setup.py install is deprecated -W ignore:easy_install command is deprecated setup.py egg_info --egg-base build/amr_webots_sim build --build-base /home/bara/ros2_ws/src/amr_webots_sim/build/amr_webots_sim/build install --record /home/bara/ros2_ws/src/amr_webots_sim/build/amr_webots_sim/install.log --single-version-externally-managed install_data
