running develop
Removing /home/bara/ros2_ws/install/conveyor_belt_ros/lib/python3.12/site-packages/conveyor-belt-ros.egg-link (link to .)
running egg_info
writing ../../build/conveyor_belt_ros/conveyor_belt_ros.egg-info/PKG-INFO
writing dependency_links to ../../build/conveyor_belt_ros/conveyor_belt_ros.egg-info/dependency_links.txt
writing entry points to ../../build/conveyor_belt_ros/conveyor_belt_ros.egg-info/entry_points.txt
writing requirements to ../../build/conveyor_belt_ros/conveyor_belt_ros.egg-info/requires.txt
writing top-level names to ../../build/conveyor_belt_ros/conveyor_belt_ros.egg-info/top_level.txt
reading manifest file '../../build/conveyor_belt_ros/conveyor_belt_ros.egg-info/SOURCES.txt'
adding license file 'LICENSE'
writing manifest file '../../build/conveyor_belt_ros/conveyor_belt_ros.egg-info/SOURCES.txt'
running build
running build_py
creating /home/bara/ros2_ws/build/conveyor_belt_ros/build
creating /home/bara/ros2_ws/build/conveyor_belt_ros/build/lib
creating /home/bara/ros2_ws/build/conveyor_belt_ros/build/lib/conveyor_belt_ros
copying conveyor_belt_ros/__init__.py -> /home/bara/ros2_ws/build/conveyor_belt_ros/build/lib/conveyor_belt_ros
running install
running install_lib
creating /home/bara/ros2_ws/install/conveyor_belt_ros/lib/python3.12/site-packages/conveyor_belt_ros
copying /home/bara/ros2_ws/build/conveyor_belt_ros/build/lib/conveyor_belt_ros/__init__.py -> /home/bara/ros2_ws/install/conveyor_belt_ros/lib/python3.12/site-packages/conveyor_belt_ros
byte-compiling /home/bara/ros2_ws/install/conveyor_belt_ros/lib/python3.12/site-packages/conveyor_belt_ros/__init__.py to __init__.cpython-312.pyc
running install_data
copying resource/conveyor_belt_ros -> /home/bara/ros2_ws/install/conveyor_belt_ros/share/ament_index/resource_index/packages
copying package.xml -> /home/bara/ros2_ws/install/conveyor_belt_ros/share/conveyor_belt_ros
copying resource/conveyor_belt.yaml -> /home/bara/ros2_ws/install/conveyor_belt_ros/share/conveyor_belt_ros/resource
copying launch/conveyor_simulation.launch.py -> /home/bara/ros2_ws/install/conveyor_belt_ros/share/conveyor_belt_ros/launch
copying worlds/conveyor_world.wbt -> /home/bara/ros2_ws/install/conveyor_belt_ros/share/conveyor_belt_ros/worlds
copying worlds/ConveyorBelt.proto -> /home/bara/ros2_ws/install/conveyor_belt_ros/share/conveyor_belt_ros/worlds
running install_egg_info
Copying ../../build/conveyor_belt_ros/conveyor_belt_ros.egg-info to /home/bara/ros2_ws/install/conveyor_belt_ros/lib/python3.12/site-packages/conveyor_belt_ros-0.1.0-py3.12.egg-info
running install_scripts
Installing conveyor_interface script to /home/bara/ros2_ws/install/conveyor_belt_ros/lib/conveyor_belt_ros
writing list of installed files to '/home/bara/ros2_ws/build/conveyor_belt_ros/install.log'
