[1.807s] Invoking command in '/home/bara/ros2_ws/build/conveyor_belt_ros': DEBUGINFOD_URLS=https://debuginfod.ubuntu.com PYTHONPATH=/home/bara/ros2_ws/build/conveyor_belt_ros/prefix_override:/usr/lib/python3/dist-packages/colcon_core/task/python/colcon_distutils_commands:/home/bara/ros2_ws/install/conveyor_belt_ros/lib/python3.12/site-packages:${PYTHONPATH} /usr/bin/python3 -W ignore:setup.py install is deprecated -W ignore:easy_install command is deprecated setup.py develop --uninstall --editable --build-directory /home/bara/ros2_ws/build/conveyor_belt_ros/build
[2.282s] running develop
[2.601s] Removing /home/bara/ros2_ws/install/conveyor_belt_ros/lib/python3.12/site-packages/conveyor-belt-ros.egg-link (link to .)
[2.663s] Invoked command in '/home/bara/ros2_ws/build/conveyor_belt_ros' returned '0': DEBUGINFOD_URLS=https://debuginfod.ubuntu.com PYTHONPATH=/home/bara/ros2_ws/build/conveyor_belt_ros/prefix_override:/usr/lib/python3/dist-packages/colcon_core/task/python/colcon_distutils_commands:/home/bara/ros2_ws/install/conveyor_belt_ros/lib/python3.12/site-packages:${PYTHONPATH} /usr/bin/python3 -W ignore:setup.py install is deprecated -W ignore:easy_install command is deprecated setup.py develop --uninstall --editable --build-directory /home/bara/ros2_ws/build/conveyor_belt_ros/build
[2.665s] Invoking command in '/home/bara/ros2_ws/src/conveyor_belt_ros': DEBUGINFOD_URLS=https://debuginfod.ubuntu.com PYTHONPATH=/home/bara/ros2_ws/build/conveyor_belt_ros/prefix_override:/usr/lib/python3/dist-packages/colcon_core/task/python/colcon_distutils_commands:/home/bara/ros2_ws/install/conveyor_belt_ros/lib/python3.12/site-packages:${PYTHONPATH} /usr/bin/python3 -W ignore:setup.py install is deprecated -W ignore:easy_install command is deprecated setup.py egg_info --egg-base ../../build/conveyor_belt_ros build --build-base /home/bara/ros2_ws/build/conveyor_belt_ros/build install --record /home/bara/ros2_ws/build/conveyor_belt_ros/install.log --single-version-externally-managed install_data --force
[3.108s] running egg_info
[3.145s] writing ../../build/conveyor_belt_ros/conveyor_belt_ros.egg-info/PKG-INFO
[3.146s] writing dependency_links to ../../build/conveyor_belt_ros/conveyor_belt_ros.egg-info/dependency_links.txt
[3.148s] writing entry points to ../../build/conveyor_belt_ros/conveyor_belt_ros.egg-info/entry_points.txt
[3.149s] writing requirements to ../../build/conveyor_belt_ros/conveyor_belt_ros.egg-info/requires.txt
[3.152s] writing top-level names to ../../build/conveyor_belt_ros/conveyor_belt_ros.egg-info/top_level.txt
[3.220s] reading manifest file '../../build/conveyor_belt_ros/conveyor_belt_ros.egg-info/SOURCES.txt'
[3.220s] adding license file 'LICENSE'
[3.223s] writing manifest file '../../build/conveyor_belt_ros/conveyor_belt_ros.egg-info/SOURCES.txt'
[3.224s] running build
[3.224s] running build_py
[3.224s] creating /home/bara/ros2_ws/build/conveyor_belt_ros/build
[3.224s] creating /home/bara/ros2_ws/build/conveyor_belt_ros/build/lib
[3.225s] creating /home/bara/ros2_ws/build/conveyor_belt_ros/build/lib/conveyor_belt_ros
[3.225s] copying conveyor_belt_ros/__init__.py -> /home/bara/ros2_ws/build/conveyor_belt_ros/build/lib/conveyor_belt_ros
[3.226s] running install
[3.243s] running install_lib
[3.292s] creating /home/bara/ros2_ws/install/conveyor_belt_ros/lib/python3.12/site-packages/conveyor_belt_ros
[3.292s] copying /home/bara/ros2_ws/build/conveyor_belt_ros/build/lib/conveyor_belt_ros/__init__.py -> /home/bara/ros2_ws/install/conveyor_belt_ros/lib/python3.12/site-packages/conveyor_belt_ros
[3.293s] byte-compiling /home/bara/ros2_ws/install/conveyor_belt_ros/lib/python3.12/site-packages/conveyor_belt_ros/__init__.py to __init__.cpython-312.pyc
[3.293s] running install_data
[3.294s] copying resource/conveyor_belt_ros -> /home/bara/ros2_ws/install/conveyor_belt_ros/share/ament_index/resource_index/packages
[3.294s] copying package.xml -> /home/bara/ros2_ws/install/conveyor_belt_ros/share/conveyor_belt_ros
[3.295s] copying resource/conveyor_belt.yaml -> /home/bara/ros2_ws/install/conveyor_belt_ros/share/conveyor_belt_ros/resource
[3.297s] copying launch/conveyor_simulation.launch.py -> /home/bara/ros2_ws/install/conveyor_belt_ros/share/conveyor_belt_ros/launch
[3.298s] copying worlds/conveyor_world.wbt -> /home/bara/ros2_ws/install/conveyor_belt_ros/share/conveyor_belt_ros/worlds
[3.299s] copying worlds/ConveyorBelt.proto -> /home/bara/ros2_ws/install/conveyor_belt_ros/share/conveyor_belt_ros/worlds
[3.300s] running install_egg_info
[3.328s] Copying ../../build/conveyor_belt_ros/conveyor_belt_ros.egg-info to /home/bara/ros2_ws/install/conveyor_belt_ros/lib/python3.12/site-packages/conveyor_belt_ros-0.1.0-py3.12.egg-info
[3.334s] running install_scripts
[3.601s] Installing conveyor_interface script to /home/bara/ros2_ws/install/conveyor_belt_ros/lib/conveyor_belt_ros
[3.602s] writing list of installed files to '/home/bara/ros2_ws/build/conveyor_belt_ros/install.log'
[3.650s] Invoked command in '/home/bara/ros2_ws/src/conveyor_belt_ros' returned '0': DEBUGINFOD_URLS=https://debuginfod.ubuntu.com PYTHONPATH=/home/bara/ros2_ws/build/conveyor_belt_ros/prefix_override:/usr/lib/python3/dist-packages/colcon_core/task/python/colcon_distutils_commands:/home/bara/ros2_ws/install/conveyor_belt_ros/lib/python3.12/site-packages:${PYTHONPATH} /usr/bin/python3 -W ignore:setup.py install is deprecated -W ignore:easy_install command is deprecated setup.py egg_info --egg-base ../../build/conveyor_belt_ros build --build-base /home/bara/ros2_ws/build/conveyor_belt_ros/build install --record /home/bara/ros2_ws/build/conveyor_belt_ros/install.log --single-version-externally-managed install_data --force
