[1.562s] Invoking command in '/home/bara/ros2_ws/src/amr_webots_sim': DEBUGINFOD_URLS=https://debuginfod.ubuntu.com PYTHONPATH=/home/bara/ros2_ws/src/amr_webots_sim/build/amr_webots_sim/prefix_override:/usr/lib/python3/dist-packages/colcon_core/task/python/colcon_distutils_commands:/home/bara/ros2_ws/src/amr_webots_sim/install/amr_webots_sim/lib/python3.12/site-packages:${PYTHONPATH} /usr/bin/python3 -W ignore:setup.py install is deprecated -W ignore:easy_install command is deprecated setup.py egg_info --egg-base build/amr_webots_sim build --build-base /home/bara/ros2_ws/src/amr_webots_sim/build/amr_webots_sim/build install --record /home/bara/ros2_ws/src/amr_webots_sim/build/amr_webots_sim/install.log --single-version-externally-managed install_data
[1.941s] running egg_info
[1.967s] writing build/amr_webots_sim/amr_webots_sim.egg-info/PKG-INFO
[1.970s] writing dependency_links to build/amr_webots_sim/amr_webots_sim.egg-info/dependency_links.txt
[1.970s] writing entry points to build/amr_webots_sim/amr_webots_sim.egg-info/entry_points.txt
[1.970s] writing requirements to build/amr_webots_sim/amr_webots_sim.egg-info/requires.txt
[1.970s] writing top-level names to build/amr_webots_sim/amr_webots_sim.egg-info/top_level.txt
[2.034s] reading manifest file 'build/amr_webots_sim/amr_webots_sim.egg-info/SOURCES.txt'
[2.034s] writing manifest file 'build/amr_webots_sim/amr_webots_sim.egg-info/SOURCES.txt'
[2.035s] running build
[2.035s] running build_py
[2.035s] running install
[2.043s] running install_lib
[2.101s] running install_data
[2.101s] running install_egg_info
[2.135s] removing '/home/bara/ros2_ws/src/amr_webots_sim/install/amr_webots_sim/lib/python3.12/site-packages/amr_webots_sim-0.1.0-py3.12.egg-info' (and everything under it)
[2.136s] Copying build/amr_webots_sim/amr_webots_sim.egg-info to /home/bara/ros2_ws/src/amr_webots_sim/install/amr_webots_sim/lib/python3.12/site-packages/amr_webots_sim-0.1.0-py3.12.egg-info
[2.139s] running install_scripts
[2.339s] Installing amr_controller script to /home/bara/ros2_ws/src/amr_webots_sim/install/amr_webots_sim/lib/amr_webots_sim
[2.339s] writing list of installed files to '/home/bara/ros2_ws/src/amr_webots_sim/build/amr_webots_sim/install.log'
[2.376s] Invoked command in '/home/bara/ros2_ws/src/amr_webots_sim' returned '0': DEBUGINFOD_URLS=https://debuginfod.ubuntu.com PYTHONPATH=/home/bara/ros2_ws/src/amr_webots_sim/build/amr_webots_sim/prefix_override:/usr/lib/python3/dist-packages/colcon_core/task/python/colcon_distutils_commands:/home/bara/ros2_ws/src/amr_webots_sim/install/amr_webots_sim/lib/python3.12/site-packages:${PYTHONPATH} /usr/bin/python3 -W ignore:setup.py install is deprecated -W ignore:easy_install command is deprecated setup.py egg_info --egg-base build/amr_webots_sim build --build-base /home/bara/ros2_ws/src/amr_webots_sim/build/amr_webots_sim/build install --record /home/bara/ros2_ws/src/amr_webots_sim/build/amr_webots_sim/install.log --single-version-externally-managed install_data
