[4.025s] Invoking command in '/home/bara/ros2_ws/src/amr_webots_sim': DEBUGINFOD_URLS=https://debuginfod.ubuntu.com PYTHONPATH=/home/bara/ros2_ws/build/amr_webots_sim/prefix_override:/usr/lib/python3/dist-packages/colcon_core/task/python/colcon_distutils_commands:/home/bara/ros2_ws/install/amr_webots_sim/lib/python3.12/site-packages:${PYTHONPATH} /usr/bin/python3 -W ignore:setup.py install is deprecated -W ignore:easy_install command is deprecated setup.py egg_info --egg-base ../../build/amr_webots_sim build --build-base /home/bara/ros2_ws/build/amr_webots_sim/build install --record /home/bara/ros2_ws/build/amr_webots_sim/install.log --single-version-externally-managed install_data
[4.697s] running egg_info
[4.723s] writing ../../build/amr_webots_sim/amr_webots_sim.egg-info/PKG-INFO
[4.723s] writing dependency_links to ../../build/amr_webots_sim/amr_webots_sim.egg-info/dependency_links.txt
[4.723s] writing entry points to ../../build/amr_webots_sim/amr_webots_sim.egg-info/entry_points.txt
[4.723s] writing requirements to ../../build/amr_webots_sim/amr_webots_sim.egg-info/requires.txt
[4.723s] writing top-level names to ../../build/amr_webots_sim/amr_webots_sim.egg-info/top_level.txt
[4.767s] reading manifest file '../../build/amr_webots_sim/amr_webots_sim.egg-info/SOURCES.txt'
[4.768s] writing manifest file '../../build/amr_webots_sim/amr_webots_sim.egg-info/SOURCES.txt'
[4.769s] running build
[4.769s] running build_py
[4.769s] copying amr_webots_sim/amr_api.py -> /home/bara/ros2_ws/build/amr_webots_sim/build/lib/amr_webots_sim
[4.769s] running install
[4.776s] running install_lib
[4.798s] copying /home/bara/ros2_ws/build/amr_webots_sim/build/lib/amr_webots_sim/amr_api.py -> /home/bara/ros2_ws/install/amr_webots_sim/lib/python3.12/site-packages/amr_webots_sim
[4.800s] byte-compiling /home/bara/ros2_ws/install/amr_webots_sim/lib/python3.12/site-packages/amr_webots_sim/amr_api.py to amr_api.cpython-312.pyc
[4.808s] running install_data
[4.809s] running install_egg_info
[4.835s] removing '/home/bara/ros2_ws/install/amr_webots_sim/lib/python3.12/site-packages/amr_webots_sim-0.1.0-py3.12.egg-info' (and everything under it)
[4.838s] Copying ../../build/amr_webots_sim/amr_webots_sim.egg-info to /home/bara/ros2_ws/install/amr_webots_sim/lib/python3.12/site-packages/amr_webots_sim-0.1.0-py3.12.egg-info
[5.128s] running install_scripts
[5.293s] Installing amr_controller script to /home/bara/ros2_ws/install/amr_webots_sim/lib/amr_webots_sim
[5.294s] Installing belt_controller script to /home/bara/ros2_ws/install/amr_webots_sim/lib/amr_webots_sim
[5.295s] Installing ned_controller script to /home/bara/ros2_ws/install/amr_webots_sim/lib/amr_webots_sim
[5.296s] writing list of installed files to '/home/bara/ros2_ws/build/amr_webots_sim/install.log'
[5.341s] Invoked command in '/home/bara/ros2_ws/src/amr_webots_sim' returned '0': DEBUGINFOD_URLS=https://debuginfod.ubuntu.com PYTHONPATH=/home/bara/ros2_ws/build/amr_webots_sim/prefix_override:/usr/lib/python3/dist-packages/colcon_core/task/python/colcon_distutils_commands:/home/bara/ros2_ws/install/amr_webots_sim/lib/python3.12/site-packages:${PYTHONPATH} /usr/bin/python3 -W ignore:setup.py install is deprecated -W ignore:easy_install command is deprecated setup.py egg_info --egg-base ../../build/amr_webots_sim build --build-base /home/bara/ros2_ws/build/amr_webots_sim/build install --record /home/bara/ros2_ws/build/amr_webots_sim/install.log --single-version-externally-managed install_data
