[2.426s] Invoking command in '/home/bara/ros2_ws/src/conveyor_belt_ros': DEBUGINFOD_URLS=https://debuginfod.ubuntu.com PYTHONPATH=/home/bara/ros2_ws/build/conveyor_belt_ros/prefix_override:/usr/lib/python3/dist-packages/colcon_core/task/python/colcon_distutils_commands:/home/bara/ros2_ws/install/conveyor_belt_ros/lib/python3.12/site-packages:${PYTHONPATH} /usr/bin/python3 -W ignore:setup.py install is deprecated -W ignore:easy_install command is deprecated setup.py egg_info --egg-base ../../build/conveyor_belt_ros build --build-base /home/bara/ros2_ws/build/conveyor_belt_ros/build install --record /home/bara/ros2_ws/build/conveyor_belt_ros/install.log --single-version-externally-managed install_data
[3.101s] running egg_info
[3.129s] writing ../../build/conveyor_belt_ros/conveyor_belt_ros.egg-info/PKG-INFO
[3.133s] writing dependency_links to ../../build/conveyor_belt_ros/conveyor_belt_ros.egg-info/dependency_links.txt
[3.134s] writing entry points to ../../build/conveyor_belt_ros/conveyor_belt_ros.egg-info/entry_points.txt
[3.134s] writing requirements to ../../build/conveyor_belt_ros/conveyor_belt_ros.egg-info/requires.txt
[3.134s] writing top-level names to ../../build/conveyor_belt_ros/conveyor_belt_ros.egg-info/top_level.txt
[3.238s] reading manifest file '../../build/conveyor_belt_ros/conveyor_belt_ros.egg-info/SOURCES.txt'
[3.239s] adding license file 'LICENSE'
[3.240s] writing manifest file '../../build/conveyor_belt_ros/conveyor_belt_ros.egg-info/SOURCES.txt'
[3.240s] running build
[3.240s] running build_py
[3.243s] running install
[3.268s] running install_lib
[3.350s] running install_data
[3.351s] running install_egg_info
[3.425s] removing '/home/bara/ros2_ws/install/conveyor_belt_ros/lib/python3.12/site-packages/conveyor_belt_ros-0.1.0-py3.12.egg-info' (and everything under it)
[3.426s] Copying ../../build/conveyor_belt_ros/conveyor_belt_ros.egg-info to /home/bara/ros2_ws/install/conveyor_belt_ros/lib/python3.12/site-packages/conveyor_belt_ros-0.1.0-py3.12.egg-info
[3.426s] running install_scripts
[3.742s] Installing conveyor_interface script to /home/bara/ros2_ws/install/conveyor_belt_ros/lib/conveyor_belt_ros
[3.750s] writing list of installed files to '/home/bara/ros2_ws/build/conveyor_belt_ros/install.log'
[3.799s] Invoked command in '/home/bara/ros2_ws/src/conveyor_belt_ros' returned '0': DEBUGINFOD_URLS=https://debuginfod.ubuntu.com PYTHONPATH=/home/bara/ros2_ws/build/conveyor_belt_ros/prefix_override:/usr/lib/python3/dist-packages/colcon_core/task/python/colcon_distutils_commands:/home/bara/ros2_ws/install/conveyor_belt_ros/lib/python3.12/site-packages:${PYTHONPATH} /usr/bin/python3 -W ignore:setup.py install is deprecated -W ignore:easy_install command is deprecated setup.py egg_info --egg-base ../../build/conveyor_belt_ros build --build-base /home/bara/ros2_ws/build/conveyor_belt_ros/build install --record /home/bara/ros2_ws/build/conveyor_belt_ros/install.log --single-version-externally-managed install_data
