running egg_info
writing build/amr_webots_sim/amr_webots_sim.egg-info/PKG-INFO
writing dependency_links to build/amr_webots_sim/amr_webots_sim.egg-info/dependency_links.txt
writing entry points to build/amr_webots_sim/amr_webots_sim.egg-info/entry_points.txt
writing requirements to build/amr_webots_sim/amr_webots_sim.egg-info/requires.txt
writing top-level names to build/amr_webots_sim/amr_webots_sim.egg-info/top_level.txt
reading manifest file 'build/amr_webots_sim/amr_webots_sim.egg-info/SOURCES.txt'
writing manifest file 'build/amr_webots_sim/amr_webots_sim.egg-info/SOURCES.txt'
running build
running build_py
running install
running install_lib
running install_data
copying launch/api_server.launch.py -> /home/bara/ros2_ws/src/amr_webots_sim/install/amr_webots_sim/share/amr_webots_sim/launch
running install_egg_info
removing '/home/bara/ros2_ws/src/amr_webots_sim/install/amr_webots_sim/lib/python3.12/site-packages/amr_webots_sim-0.0.1-py3.12.egg-info' (and everything under it)
Copying build/amr_webots_sim/amr_webots_sim.egg-info to /home/bara/ros2_ws/src/amr_webots_sim/install/amr_webots_sim/lib/python3.12/site-packages/amr_webots_sim-0.0.1-py3.12.egg-info
running install_scripts
Installing amr_api_node script to /home/bara/ros2_ws/src/amr_webots_sim/install/amr_webots_sim/lib/amr_webots_sim
Installing amr_controller script to /home/bara/ros2_ws/src/amr_webots_sim/install/amr_webots_sim/lib/amr_webots_sim
writing list of installed files to '/home/bara/ros2_ws/src/amr_webots_sim/build/amr_webots_sim/install.log'
