[1.092s] Invoking command in '/home/bara/ros2_ws/src/amr_webots_sim': DEBUGINFOD_URLS=https://debuginfod.ubuntu.com PYTHONPATH=/home/bara/ros2_ws/src/amr_webots_sim/build/amr_webots_sim/prefix_override:/usr/lib/python3/dist-packages/colcon_core/task/python/colcon_distutils_commands:/home/bara/ros2_ws/src/amr_webots_sim/install/amr_webots_sim/lib/python3.12/site-packages:${PYTHONPATH} /usr/bin/python3 -W ignore:setup.py install is deprecated -W ignore:easy_install command is deprecated setup.py egg_info --egg-base build/amr_webots_sim build --build-base /home/bara/ros2_ws/src/amr_webots_sim/build/amr_webots_sim/build install --record /home/bara/ros2_ws/src/amr_webots_sim/build/amr_webots_sim/install.log --single-version-externally-managed install_data
[1.482s] running egg_info
[1.505s] writing build/amr_webots_sim/amr_webots_sim.egg-info/PKG-INFO
[1.506s] writing dependency_links to build/amr_webots_sim/amr_webots_sim.egg-info/dependency_links.txt
[1.506s] writing entry points to build/amr_webots_sim/amr_webots_sim.egg-info/entry_points.txt
[1.507s] writing requirements to build/amr_webots_sim/amr_webots_sim.egg-info/requires.txt
[1.508s] writing top-level names to build/amr_webots_sim/amr_webots_sim.egg-info/top_level.txt
[1.570s] reading manifest file 'build/amr_webots_sim/amr_webots_sim.egg-info/SOURCES.txt'
[1.570s] writing manifest file 'build/amr_webots_sim/amr_webots_sim.egg-info/SOURCES.txt'
[1.571s] running build
[1.571s] running build_py
[1.572s] creating /home/bara/ros2_ws/src/amr_webots_sim/build/amr_webots_sim/build/lib/amr_webots_sim/scripts
[1.572s] copying amr_webots_sim/scripts/__init__.py -> /home/bara/ros2_ws/src/amr_webots_sim/build/amr_webots_sim/build/lib/amr_webots_sim/scripts
[1.572s] running install
[1.578s] running install_lib
[1.601s] creating /home/bara/ros2_ws/src/amr_webots_sim/install/amr_webots_sim/lib/python3.12/site-packages/amr_webots_sim/scripts
[1.601s] copying /home/bara/ros2_ws/src/amr_webots_sim/build/amr_webots_sim/build/lib/amr_webots_sim/scripts/__init__.py -> /home/bara/ros2_ws/src/amr_webots_sim/install/amr_webots_sim/lib/python3.12/site-packages/amr_webots_sim/scripts
[1.602s] byte-compiling /home/bara/ros2_ws/src/amr_webots_sim/install/amr_webots_sim/lib/python3.12/site-packages/amr_webots_sim/scripts/__init__.py to __init__.cpython-312.pyc
[1.602s] running install_data
[1.602s] running install_egg_info
[1.630s] removing '/home/bara/ros2_ws/src/amr_webots_sim/install/amr_webots_sim/lib/python3.12/site-packages/amr_webots_sim-0.1.0-py3.12.egg-info' (and everything under it)
[1.632s] Copying build/amr_webots_sim/amr_webots_sim.egg-info to /home/bara/ros2_ws/src/amr_webots_sim/install/amr_webots_sim/lib/python3.12/site-packages/amr_webots_sim-0.1.0-py3.12.egg-info
[1.633s] running install_scripts
[1.813s] Installing amr_controller script to /home/bara/ros2_ws/src/amr_webots_sim/install/amr_webots_sim/lib/amr_webots_sim
[1.814s] Installing amr_nav script to /home/bara/ros2_ws/src/amr_webots_sim/install/amr_webots_sim/lib/amr_webots_sim
[1.814s] Installing amr_navigator script to /home/bara/ros2_ws/src/amr_webots_sim/install/amr_webots_sim/lib/amr_webots_sim
[1.814s] writing list of installed files to '/home/bara/ros2_ws/src/amr_webots_sim/build/amr_webots_sim/install.log'
[1.849s] Invoked command in '/home/bara/ros2_ws/src/amr_webots_sim' returned '0': DEBUGINFOD_URLS=https://debuginfod.ubuntu.com PYTHONPATH=/home/bara/ros2_ws/src/amr_webots_sim/build/amr_webots_sim/prefix_override:/usr/lib/python3/dist-packages/colcon_core/task/python/colcon_distutils_commands:/home/bara/ros2_ws/src/amr_webots_sim/install/amr_webots_sim/lib/python3.12/site-packages:${PYTHONPATH} /usr/bin/python3 -W ignore:setup.py install is deprecated -W ignore:easy_install command is deprecated setup.py egg_info --egg-base build/amr_webots_sim build --build-base /home/bara/ros2_ws/src/amr_webots_sim/build/amr_webots_sim/build install --record /home/bara/ros2_ws/src/amr_webots_sim/build/amr_webots_sim/install.log --single-version-externally-managed install_data
